<?xml version="1.0" encoding="UTF-8"?>
<!-- Generated by org.testng.reporters.JUnitReportReporter -->
<testsuite skipped="0" hostname="VivekDesktop" name="com.expedia.test.SignInTest" tests="5" failures="0" timestamp="08 Dec 2018 15:13:15 GMT" time="79.407" errors="0">
  <testcase name="keepSignInCheckBoxTest" time="11.821" classname="com.expedia.test.SignInTest"/>
  <testcase name="signInTest" time="15.032" classname="com.expedia.test.SignInTest"/>
  <testcase name="signInTest" time="18.470" classname="com.expedia.test.SignInTest"/>
  <testcase name="signInTest" time="17.059" classname="com.expedia.test.SignInTest"/>
  <testcase name="signInTest" time="17.025" classname="com.expedia.test.SignInTest"/>
</testsuite> <!-- com.expedia.test.SignInTest -->
