<?xml version="1.0" encoding="UTF-8"?>
<!-- Generated by org.testng.reporters.JUnitReportReporter -->
<testsuite skipped="0" hostname="VivekDesktop" name="com.expedia.test.SignInTest" tests="5" failures="0" timestamp="03 Dec 2018 11:17:36 GMT" time="74.079" errors="0">
  <testcase name="signInTest" time="13.873" classname="com.expedia.test.SignInTest"/>
  <testcase name="signInTest" time="15.889" classname="com.expedia.test.SignInTest"/>
  <testcase name="signInTest" time="15.835" classname="com.expedia.test.SignInTest"/>
  <testcase name="signInTest" time="14.258" classname="com.expedia.test.SignInTest"/>
  <testcase name="keepSignInCheckBoxTest" time="14.224" classname="com.expedia.test.SignInTest"/>
</testsuite> <!-- com.expedia.test.SignInTest -->
